[10:13:15] [ServerMain/INFO]: Environment: Environment[sessionHost=https://sessionserver.mojang.com, servicesHost=https://api.minecraftservices.com, name=PROD]
[10:13:17] [ServerMain/INFO]: Loaded 1174 recipes
[10:13:17] [ServerMain/INFO]: Loaded 1271 advancements
[10:13:17] [Server thread/INFO]: Starting minecraft server version 1.20.4
[10:13:17] [Server thread/INFO]: Loading properties
[10:13:17] [Server thread/INFO]: This server is running Paper version git-Paper-499 (MC: 1.20.4) (Implementing API version 1.20.4-R0.1-SNAPSHOT) (Git: 9de3f75 on ver/1.20.4)
[10:13:18] [Server thread/INFO]: Server Ping Player Sample Count: 12
[10:13:18] [Server thread/INFO]: Using 4 threads for Netty based IO
[10:13:18] [Server thread/WARN]: [!] The timings profiler has been enabled but has been scheduled for removal from Paper in the future.
    We recommend installing the spark profiler as a replacement: https://spark.lucko.me/
    For more information please visit: https://github.com/PaperMC/Paper/issues/8948
[10:13:18] [Server thread/INFO]: [ChunkTaskScheduler] Chunk system is using 1 I/O threads, 1 worker threads, and gen parallelism of 1 threads
[10:13:19] [Server thread/INFO]: Default game type: SURVIVAL
[10:13:19] [Server thread/INFO]: Generating keypair
[10:13:19] [Server thread/INFO]: Starting Minecraft server on *:35755
[10:13:19] [Server thread/INFO]: Using epoll channel type
[10:13:19] [Server thread/INFO]: Paper: Using libdeflate (Linux x86_64) compression from Velocity.
[10:13:19] [Server thread/INFO]: Paper: Using OpenSSL 1.1.x (Linux x86_64) cipher from Velocity.
[10:13:19] [Server thread/INFO]: Server permissions file permissions.yml is empty, ignoring it
[10:13:19] [Server thread/WARN]: **** SERVER IS RUNNING IN OFFLINE/INSECURE MODE!
[10:13:19] [Server thread/WARN]: The server will make no attempt to authenticate usernames. Beware.
[10:13:19] [Server thread/WARN]: While this makes the game possible to play without internet access, it also opens up the ability for hackers to connect with any username they choose.
[10:13:19] [Server thread/WARN]: To change this, set "online-mode" to "true" in the server.properties file.
[10:13:19] [Server thread/INFO]: Preparing level "world"
[10:13:19] [Server thread/INFO]: Preparing start region for dimension minecraft:overworld
[10:13:19] [Server thread/INFO]: Time elapsed: 269 ms
[10:13:19] [Server thread/INFO]: Preparing start region for dimension minecraft:the_nether
[10:13:20] [Server thread/INFO]: Time elapsed: 176 ms
[10:13:20] [Server thread/INFO]: Preparing start region for dimension minecraft:the_end
[10:13:20] [Server thread/INFO]: Time elapsed: 64 ms
[10:13:20] [Server thread/INFO]: Running delayed init tasks
[10:13:20] [Server thread/INFO]: Done (2.617s)! For help, type "help"
[10:13:20] [Server thread/INFO]: Timings Reset
